c:\users\user\projects c++\2016\projects experiments\projectwithstructure — копия\build\debug\vc140.pdb
c:\users\user\projects c++\2016\projects experiments\projectwithstructure — копия\build\debug\vc140.idb
c:\users\user\projects c++\2016\projects experiments\projectwithstructure — копия\build\debug\background.nativecodeanalysis.xml
c:\users\user\projects c++\2016\projects experiments\projectwithstructure — копия\build\debug\gamesystem.nativecodeanalysis.xml
c:\users\user\projects c++\2016\projects experiments\projectwithstructure — копия\build\debug\main.nativecodeanalysis.xml
c:\users\user\projects c++\2016\projects experiments\projectwithstructure — копия\build\debug\plank.nativecodeanalysis.xml
c:\users\user\projects c++\2016\projects experiments\projectwithstructure — копия\build\debug\sprite.nativecodeanalysis.xml
c:\users\user\projects c++\2016\projects experiments\projectwithstructure — копия\build\debug\vector2f.nativecodeanalysis.xml
c:\users\user\projects c++\2016\projects experiments\projectwithstructure — копия\build\debug\vector2f.obj
c:\users\user\projects c++\2016\projects experiments\projectwithstructure — копия\build\debug\sprite.obj
c:\users\user\projects c++\2016\projects experiments\projectwithstructure — копия\build\debug\plank.obj
c:\users\user\projects c++\2016\projects experiments\projectwithstructure — копия\build\debug\main.obj
c:\users\user\projects c++\2016\projects experiments\projectwithstructure — копия\build\debug\gamesystem.obj
c:\users\user\projects c++\2016\projects experiments\projectwithstructure — копия\build\debug\background.obj
c:\users\user\projects c++\2016\projects experiments\projectwithstructure — копия\bin\seminarproject.ilk
c:\users\user\projects c++\2016\projects experiments\projectwithstructure — копия\bin\seminarproject.exe
c:\users\user\projects c++\2016\projects experiments\projectwithstructure — копия\bin\seminarproject.pdb
c:\users\user\projects c++\2016\projects experiments\projectwithstructure — копия\build\debug\nativecodeanalysis.read.1.tlog
c:\users\user\projects c++\2016\projects experiments\projectwithstructure — копия\build\debug\vc.nativecodeanalysis.all.xml
c:\users\user\projects c++\2016\projects experiments\projectwithstructure — копия\project\..\bin\seminarproject.pdb
c:\users\user\projects c++\2016\projects experiments\projectwithstructure — копия\project\..\bin\seminarproject.exe
c:\users\user\projects c++\2016\projects experiments\projectwithstructure — копия\project\..\bin\seminarproject.ilk
c:\users\user\projects c++\2016\projects experiments\projectwithstructure — копия\project\..\bin\seminarproject.exe.lastcodeanalysissucceeded
c:\users\user\projects c++\2016\projects experiments\projectwithstructure — копия\build\debug\seminarproject.tlog\cl.command.1.tlog
c:\users\user\projects c++\2016\projects experiments\projectwithstructure — копия\build\debug\seminarproject.tlog\cl.read.1.tlog
c:\users\user\projects c++\2016\projects experiments\projectwithstructure — копия\build\debug\seminarproject.tlog\cl.write.1.tlog
c:\users\user\projects c++\2016\projects experiments\projectwithstructure — копия\build\debug\seminarproject.tlog\link.command.1.tlog
c:\users\user\projects c++\2016\projects experiments\projectwithstructure — копия\build\debug\seminarproject.tlog\link.read.1.tlog
c:\users\user\projects c++\2016\projects experiments\projectwithstructure — копия\build\debug\seminarproject.tlog\link.write.1.tlog
